[0mGET /notes [32m200[0m 10.585 ms - 1510[0m
[0mGET /api/notes [32m200[0m 2.565 ms - 376[0m
[0mGET /notes [32m200[0m 6.178 ms - 1510[0m
[0mGET /api/notes [32m200[0m 3.531 ms - 376[0m
[0mGET /notes [32m200[0m 1.027 ms - 1510[0m
[0mGET /api/notes [32m200[0m 0.552 ms - 376[0m
[0mGET /notes [32m200[0m 0.647 ms - 1510[0m
[0mGET /api/notes [32m200[0m 0.483 ms - 376[0m
[0mDELETE /api/notes/7b46d4ae-f3b1-4e1c-bada-a5f1f60ada59 [32m200[0m 1.522 ms - 9[0m
[0mGET /api/notes [32m200[0m 0.472 ms - 76[0m
[0mGET /notes [32m200[0m 7.778 ms - 1510[0m
[0mGET /api/notes [32m200[0m 3.167 ms - 76[0m
[0mDELETE /api/notes/7b46d4ae-f3b1-4e1c-bada-a5f1f60ada59 [32m200[0m 2.372 ms - 9[0m
[0mGET /api/notes [32m200[0m 0.762 ms - 76[0m
[0mGET /notes [32m200[0m 4.357 ms - 1510[0m
[0mGET /api/notes [32m200[0m 2.618 ms - 76[0m
[0mDELETE /api/notes/7b46d4ae-f3b1-4e1c-bada-a5f1f60ada59 [32m200[0m 2.006 ms - 9[0m
[0mGET /api/notes [32m200[0m 0.606 ms - 76[0m
[0mGET /notes [32m200[0m 7.956 ms - 1510[0m
[0mGET /api/notes [32m200[0m 3.527 ms - 76[0m
[0mGET /notes [32m200[0m 1.455 ms - 1510[0m
[0mGET /api/notes [32m200[0m 0.519 ms - 76[0m
[0mDELETE /api/notes/7b46d4ae-f3b1-4e1c-bada-a5f1f60ada59 [32m200[0m 2.243 ms - 9[0m
[0mGET /api/notes [32m200[0m 0.444 ms - 76[0m
[0mDELETE /api/notes/7b46d4ae-f3b1-4e1c-bada-a5f1f60ada59 [32m200[0m 5.133 ms - 9[0m
[0mGET /api/notes [32m200[0m 1.153 ms - 76[0m
[0mGET /notes [32m200[0m 12.463 ms - 1510[0m
[0mGET /api/notes [32m200[0m 4.100 ms - 76[0m
[0mDELETE /api/notes/7b46d4ae-f3b1-4e1c-bada-a5f1f60ada59 [32m200[0m 8.415 ms - 9[0m
[0mGET /api/notes [32m200[0m 0.640 ms - 76[0m
[0mGET /notes [32m200[0m 8.149 ms - 1510[0m
[0mGET /api/notes [32m200[0m 2.898 ms - 76[0m
[0mGET /favicon.ico [33m404[0m 3.035 ms - 150[0m
[0mGET /notes [32m200[0m 4.002 ms - 1510[0m
[0mGET /api/notes [32m200[0m 2.877 ms - 76[0m
[0mDELETE /api/notes/7b46d4ae-f3b1-4e1c-bada-a5f1f60ada59 [32m200[0m 6.771 ms - 9[0m
[0mGET /api/notes [32m200[0m 0.946 ms - 2[0m
[0mGET /notes [32m200[0m 7.596 ms - 1510[0m
[0mGET /api/notes [32m200[0m 2.918 ms - 2[0m
[0mGET /notes [32m200[0m 7.888 ms - 1510[0m
[0mGET /api/notes [32m200[0m 2.520 ms - 2[0m
[0mPOST /api/notes [32m200[0m 3.133 ms - 9[0m
[0mGET /api/notes [32m200[0m 0.742 ms - 76[0m
